<?xml version="1.0" encoding="UTF-8"?>
<testng-results ignored="0" total="1" passed="1" failed="0" skipped="0">
  <reporter-output>
  </reporter-output>
  <suite started-at="2022-01-12T13:55:32Z" name="Suite" finished-at="2022-01-12T13:55:45Z" duration-ms="12049">
    <groups>
    </groups>
    <test started-at="2022-01-12T13:55:32Z" name="Test" finished-at="2022-01-12T13:55:45Z" duration-ms="12049">
      <class name="com.rs.qa.automation.tests.cartpage.SampleTest">
        <test-method is-config="true" signature="setUp()[pri:0, instance:com.rs.qa.automation.tests.cartpage.SampleTest@3fa247d1]" started-at="2022-01-12T19:25:32Z" name="setUp" finished-at="2022-01-12T19:25:36Z" duration-ms="3282" status="PASS">
          <reporter-output>
          </reporter-output>
        </test-method> <!-- setUp -->
        <test-method signature="SampleOrderTest()[pri:1, instance:com.rs.qa.automation.tests.cartpage.SampleTest@3fa247d1]" started-at="2022-01-12T19:25:36Z" name="SampleOrderTest" finished-at="2022-01-12T19:25:44Z" duration-ms="7936" status="PASS">
          <reporter-output>
          </reporter-output>
        </test-method> <!-- SampleOrderTest -->
        <test-method is-config="true" signature="closeBrowserConnection()[pri:0, instance:com.rs.qa.automation.tests.cartpage.SampleTest@3fa247d1]" started-at="2022-01-12T19:25:44Z" name="closeBrowserConnection" finished-at="2022-01-12T19:25:45Z" duration-ms="808" status="PASS">
          <reporter-output>
          </reporter-output>
        </test-method> <!-- closeBrowserConnection -->
      </class> <!-- com.rs.qa.automation.tests.cartpage.SampleTest -->
    </test> <!-- Test -->
  </suite> <!-- Suite -->
</testng-results>
