<?xml version="1.0" encoding="UTF-8"?>
<testng-results ignored="0" total="1" passed="1" failed="0" skipped="0">
  <reporter-output>
  </reporter-output>
  <suite started-at="2022-01-12T13:53:56Z" name="Suite" finished-at="2022-01-12T13:54:09Z" duration-ms="13229">
    <groups>
    </groups>
    <test started-at="2022-01-12T13:53:56Z" name="Test" finished-at="2022-01-12T13:54:09Z" duration-ms="13229">
      <class name="com.rs.qa.automation.tests.cartpage.SampleTest">
        <test-method is-config="true" signature="setUp()[pri:0, instance:com.rs.qa.automation.tests.cartpage.SampleTest@479ceda0]" started-at="2022-01-12T19:23:56Z" name="setUp" finished-at="2022-01-12T19:24:01Z" duration-ms="4856" status="PASS">
          <reporter-output>
          </reporter-output>
        </test-method> <!-- setUp -->
        <test-method signature="SampleOrderTest()[pri:1, instance:com.rs.qa.automation.tests.cartpage.SampleTest@479ceda0]" started-at="2022-01-12T19:24:01Z" name="SampleOrderTest" finished-at="2022-01-12T19:24:08Z" duration-ms="7467" status="PASS">
          <reporter-output>
          </reporter-output>
        </test-method> <!-- SampleOrderTest -->
        <test-method is-config="true" signature="closeBrowserConnection()[pri:0, instance:com.rs.qa.automation.tests.cartpage.SampleTest@479ceda0]" started-at="2022-01-12T19:24:08Z" name="closeBrowserConnection" finished-at="2022-01-12T19:24:09Z" duration-ms="881" status="PASS">
          <reporter-output>
          </reporter-output>
        </test-method> <!-- closeBrowserConnection -->
      </class> <!-- com.rs.qa.automation.tests.cartpage.SampleTest -->
    </test> <!-- Test -->
  </suite> <!-- Suite -->
</testng-results>
